{"level":"info","msg":"Starting server on port :8080...\n","time":"2024-02-04T20:31:00+06:00"}
{"level":"info","msg":"Starting server on port :8080...\n","time":"2024-02-04T20:31:54+06:00"}
{"level":"error","msg":"sjklafj","time":"2024-02-04T20:32:21+06:00"}
{"level":"info","msg":"Starting server on port :8080...\n","time":"2024-02-04T20:36:20+06:00"}
{"level":"info","msg":"Starting server on port :8080...\n","time":"2024-03-01T17:53:43+06:00"}
{"level":"info","msg":"Starting server on port :8080...\n","time":"2024-03-02T00:56:00+06:00"}
{"level":"info","msg":"Starting server on port :8080...\n","time":"2024-03-02T01:15:09+06:00"}
{"level":"info","msg":"Starting server on port :8080...\n","time":"2024-03-02T01:15:55+06:00"}
{"level":"info","msg":"Starting server on port :8080...\n","time":"2024-03-02T01:39:06+06:00"}
{"level":"info","msg":"Starting server on port :8080...\n","time":"2024-03-02T01:39:53+06:00"}
{"level":"info","msg":"Starting server on port :8080...\n","time":"2024-03-02T01:43:19+06:00"}
{"level":"info","msg":"Starting server on port :8080...\n","time":"2024-03-02T01:44:14+06:00"}
{"level":"info","msg":"Starting server on port :8080...\n","time":"2024-03-02T01:45:18+06:00"}
{"level":"info","msg":"Starting server on port :8080...\n","time":"2024-03-02T01:46:03+06:00"}
{"level":"info","msg":"Starting server on port :8080...\n","time":"2024-03-02T01:55:25+06:00"}
{"level":"info","msg":"Starting server on port :8080...\n","time":"2024-03-02T01:55:58+06:00"}
{"level":"info","msg":"Starting server on port :8080...\n","time":"2024-03-02T01:57:48+06:00"}
{"level":"info","msg":"Starting server on port :8080...\n","time":"2024-03-02T02:01:10+06:00"}
{"level":"info","msg":"Starting server on port :8080...\n","time":"2024-03-02T02:01:15+06:00"}
{"level":"info","msg":"Starting server on port :8080...\n","time":"2024-03-02T02:09:58+06:00"}
{"level":"info","msg":"Starting server on port :8080...\n","time":"2024-03-02T02:12:56+06:00"}
{"level":"info","msg":"Starting server on port :8080...\n","time":"2024-03-02T02:15:48+06:00"}
{"level":"info","msg":"Starting server on port :8080...\n","time":"2024-03-02T02:19:11+06:00"}
{"level":"info","msg":"Starting server on port :8080...\n","time":"2024-03-02T02:21:40+06:00"}
{"level":"info","msg":"Starting server on port :8080...\n","time":"2024-03-02T02:22:22+06:00"}
{"level":"info","msg":"Starting server on port :8080...\n","time":"2024-03-02T03:02:57+06:00"}
{"level":"info","msg":"Starting server on port :8080...\n","time":"2024-03-02T03:37:51+06:00"}
{"level":"info","msg":"Starting server on port :8080...\n","time":"2024-03-02T12:57:11+06:00"}
{"level":"info","msg":"Starting server on http://localhost::8080\n","time":"2024-03-02T12:57:59+06:00"}
{"level":"info","msg":"Starting server on http://localhost::8080/\n","time":"2024-03-02T12:58:12+06:00"}
{"level":"info","msg":"Starting server on http://localhost::8080/\n","time":"2024-03-02T13:01:31+06:00"}
{"level":"info","msg":"Starting server on http://localhost::8080/\n","time":"2024-03-02T13:21:59+06:00"}
{"level":"error","msg":"Too Many Requests","time":"2024-03-02T13:22:07+06:00"}
{"level":"error","msg":"Too Many Requests","time":"2024-03-02T13:22:10+06:00"}
{"level":"error","msg":"Too Many Requests","time":"2024-03-02T13:22:10+06:00"}
{"level":"error","msg":"Too Many Requests","time":"2024-03-02T13:22:11+06:00"}
{"level":"error","msg":"Too Many Requests","time":"2024-03-02T13:22:11+06:00"}
{"level":"error","msg":"Too Many Requests","time":"2024-03-02T13:22:11+06:00"}
{"level":"error","msg":"Too Many Requests","time":"2024-03-02T13:22:12+06:00"}
{"level":"error","msg":"Too Many Requests","time":"2024-03-02T13:22:12+06:00"}
{"level":"error","msg":"Too Many Requests","time":"2024-03-02T13:22:12+06:00"}
{"level":"error","msg":"Too Many Requests","time":"2024-03-02T13:22:13+06:00"}
{"level":"error","msg":"Too Many Requests","time":"2024-03-02T13:22:13+06:00"}
{"level":"error","msg":"Too Many Requests","time":"2024-03-02T13:22:13+06:00"}
{"level":"error","msg":"Too Many Requests","time":"2024-03-02T13:22:14+06:00"}
{"level":"error","msg":"Too Many Requests","time":"2024-03-02T13:23:45+06:00"}
{"level":"error","msg":"Too Many Requests","time":"2024-03-02T13:23:45+06:00"}
{"level":"error","msg":"Too Many Requests","time":"2024-03-02T13:23:46+06:00"}
{"level":"error","msg":"Too Many Requests","time":"2024-03-02T13:23:46+06:00"}
{"level":"info","msg":"Starting server on http://localhost::8080/\n","time":"2024-03-02T13:23:53+06:00"}
{"level":"error","msg":"Too Many Requests","time":"2024-03-02T13:24:19+06:00"}
{"level":"error","msg":"Too Many Requests","time":"2024-03-02T13:24:19+06:00"}
{"level":"error","msg":"Too Many Requests","time":"2024-03-02T13:26:00+06:00"}
{"level":"error","msg":"Too Many Requests","time":"2024-03-02T13:26:02+06:00"}
{"level":"error","msg":"Too Many Requests","time":"2024-03-02T13:26:02+06:00"}
{"level":"error","msg":"Too Many Requests","time":"2024-03-02T13:26:02+06:00"}
{"level":"error","msg":"Too Many Requests","time":"2024-03-02T13:26:04+06:00"}
{"level":"error","msg":"Too Many Requests","time":"2024-03-02T13:26:04+06:00"}
{"level":"error","msg":"Too Many Requests","time":"2024-03-02T13:26:05+06:00"}
{"level":"error","msg":"Too Many Requests","time":"2024-03-02T13:26:06+06:00"}
{"level":"error","msg":"Too Many Requests","time":"2024-03-02T13:26:06+06:00"}
{"level":"error","msg":"Too Many Requests","time":"2024-03-02T13:26:07+06:00"}
{"level":"error","msg":"Too Many Requests","time":"2024-03-02T13:26:07+06:00"}
{"level":"error","msg":"Too Many Requests","time":"2024-03-02T13:26:07+06:00"}
{"level":"error","msg":"Too Many Requests","time":"2024-03-02T13:26:10+06:00"}
{"level":"error","msg":"Too Many Requests","time":"2024-03-02T13:26:11+06:00"}
{"level":"error","msg":"Too Many Requests","time":"2024-03-02T13:26:12+06:00"}
{"level":"error","msg":"Too Many Requests","time":"2024-03-02T13:26:12+06:00"}
